<?xml version="1.0" encoding="UTF-8"?>
<!-- Generated by org.testng.reporters.JUnitXMLReporter -->
<testsuite hostname="DESKTOP-BMUV6UR" ignored="0" name="Default test" tests="3" failures="0" timestamp="20 Sep 2022 07:31:23 GMT" time="0.078" errors="0">
  <testcase name="tc01" time="0.018" classname="org.ParameterSuite.Testing4"/>
  <testcase name="tc02" time="0.005" classname="org.ParameterSuite.Testing4"/>
  <testcase name="tc03" time="0.005" classname="org.ParameterSuite.Testing4"/>
</testsuite> <!-- Default test -->
