<?xml version="1.0" encoding="UTF-8"?>
<testng-results skipped="0" failed="0" ignored="0" total="3" passed="3">
  <reporter-output>
  </reporter-output>
  <suite name="Default suite" duration-ms="78" started-at="2022-09-20T07:31:23Z" finished-at="2022-09-20T07:31:23Z">
    <groups>
      <group name="smoke">
        <method signature="Testing4.tc01()[pri:0, instance:org.ParameterSuite.Testing4@56ef9176]" name="tc01" class="org.ParameterSuite.Testing4"/>
        <method signature="Testing4.tc03()[pri:0, instance:org.ParameterSuite.Testing4@56ef9176]" name="tc03" class="org.ParameterSuite.Testing4"/>
      </group> <!-- smoke -->
      <group name="sanity">
        <method signature="Testing4.tc02()[pri:0, instance:org.ParameterSuite.Testing4@56ef9176]" name="tc02" class="org.ParameterSuite.Testing4"/>
      </group> <!-- sanity -->
    </groups>
    <test name="Default test" duration-ms="78" started-at="2022-09-20T07:31:23Z" finished-at="2022-09-20T07:31:23Z">
      <class name="org.ParameterSuite.Testing4">
        <test-method status="PASS" signature="tc01()[pri:0, instance:org.ParameterSuite.Testing4@56ef9176]" name="tc01" duration-ms="18" started-at="2022-09-20T13:01:23Z" finished-at="2022-09-20T13:01:23Z">
          <reporter-output>
          </reporter-output>
        </test-method> <!-- tc01 -->
        <test-method status="PASS" signature="tc02()[pri:0, instance:org.ParameterSuite.Testing4@56ef9176]" name="tc02" duration-ms="5" started-at="2022-09-20T13:01:23Z" finished-at="2022-09-20T13:01:23Z">
          <reporter-output>
          </reporter-output>
        </test-method> <!-- tc02 -->
        <test-method status="PASS" signature="tc03()[pri:0, instance:org.ParameterSuite.Testing4@56ef9176]" name="tc03" duration-ms="5" started-at="2022-09-20T13:01:23Z" finished-at="2022-09-20T13:01:23Z">
          <reporter-output>
          </reporter-output>
        </test-method> <!-- tc03 -->
      </class> <!-- org.ParameterSuite.Testing4 -->
    </test> <!-- Default test -->
  </suite> <!-- Default suite -->
</testng-results>
